<?xml version="1.0" encoding="UTF-8"?>
<testng-results ignored="0" total="1" passed="1" failed="0" skipped="0">
  <reporter-output>
    <line>
      <![CDATA[Browser is opened]]>
    </line>
  </reporter-output>
  <suite started-at="2021-12-26T21:15:01 IST" name="Default suite" finished-at="2021-12-26T21:15:08 IST" duration-ms="6683">
    <groups>
    </groups>
    <test started-at="2021-12-26T21:15:01 IST" name="Default test" finished-at="2021-12-26T21:15:08 IST" duration-ms="6683">
      <class name="testpack.DemoMaven">
        <test-method signature="startapp()[pri:0, instance:testpack.DemoMaven@6a84a97d]" started-at="2021-12-26T21:15:01 IST" name="startapp" finished-at="2021-12-26T21:15:08 IST" duration-ms="6617" status="PASS">
          <reporter-output>
            <line>
              <![CDATA[Browser is opened]]>
            </line>
          </reporter-output>
        </test-method> <!-- startapp -->
      </class> <!-- testpack.DemoMaven -->
    </test> <!-- Default test -->
  </suite> <!-- Default suite -->
</testng-results>
